This file contains any messages produced by compilers while
running configure, to aid debugging if configure makes a mistake.

It was created by configure, which was
generated by GNU Autoconf 2.59.  Invocation command line was

  $ ./configure 

## --------- ##
## Platform. ##
## --------- ##

hostname = Slote.local
uname -m = x86_64
uname -r = 15.2.0
uname -s = Darwin
uname -v = Darwin Kernel Version 15.2.0: Fri Nov 13 19:56:56 PST 2015; root:xnu-3248.20.55~2/RELEASE_X86_64

/usr/bin/uname -p = i386
/bin/uname -X     = unknown

/bin/arch              = unknown
/usr/bin/arch -k       = unknown
/usr/convex/getsysinfo = unknown
hostinfo               = Mach kernel version:
	 Darwin Kernel Version 15.2.0: Fri Nov 13 19:56:56 PST 2015; root:xnu-3248.20.55~2/RELEASE_X86_64
Kernel configured for up to 4 processors.
2 processors are physically available.
4 processors are logically available.
Processor type: x86_64h (Intel x86-64h Haswell)
Processors active: 0 1 2 3
Primary memory available: 8.00 gigabytes
Default processor set: 400 tasks, 1748 threads, 4 processors
Load average: 6.28, Mach factor: 1.57
/bin/machine           = unknown
/usr/bin/oslevel       = unknown
/bin/universe          = unknown

PATH: /Library/Frameworks/Python.framework/Versions/3.5/bin
PATH: /opt/local/bin
PATH: /opt/local/sbin
PATH: /Library/Frameworks/Python.framework/Versions/3.5/bin
PATH: /usr/local/bin
PATH: /usr/bin
PATH: /bin
PATH: /usr/sbin
PATH: /sbin
PATH: /Applications/Server.app/Contents/ServerRoot/usr/bin
PATH: /Applications/Server.app/Contents/ServerRoot/usr/sbin


## ----------- ##
## Core tests. ##
## ----------- ##

configure:1300: checking for a BSD-compatible install
configure:1355: result: /usr/bin/install -c
configure:1366: checking whether build environment is sane
configure:1409: result: yes
configure:1424: checking whether make sets $(MAKE)
configure:1444: result: yes
configure:1476: checking for working aclocal-1.4
configure:1487: result: missing
configure:1491: checking for working autoconf
configure:1502: result: missing
configure:1506: checking for working automake-1.4
configure:1517: result: missing
configure:1521: checking for working autoheader
configure:1532: result: missing
configure:1536: checking for working makeinfo
configure:1543: result: found
configure:1557: checking whether to enable maintainer-specific portions of Makefiles
configure:1566: result: no
configure:1627: checking for gcc
configure:1643: found /usr/bin/gcc
configure:1653: result: gcc
configure:1897: checking for C compiler version
configure:1900: gcc --version </dev/null >&5
Configured with: --prefix=/Applications/Xcode.app/Contents/Developer/usr --with-gxx-include-dir=/Applications/Xcode.app/Contents/Developer/Platforms/MacOSX.platform/Developer/SDKs/MacOSX10.11.sdk/usr/include/c++/4.2.1
Apple LLVM version 7.0.2 (clang-700.1.81)
Target: x86_64-apple-darwin15.2.0
Thread model: posix
configure:1903: $? = 0
configure:1905: gcc -v </dev/null >&5
Configured with: --prefix=/Applications/Xcode.app/Contents/Developer/usr --with-gxx-include-dir=/Applications/Xcode.app/Contents/Developer/Platforms/MacOSX.platform/Developer/SDKs/MacOSX10.11.sdk/usr/include/c++/4.2.1
Apple LLVM version 7.0.2 (clang-700.1.81)
Target: x86_64-apple-darwin15.2.0
Thread model: posix
configure:1908: $? = 0
configure:1910: gcc -V </dev/null >&5
clang: error: argument to '-V' is missing (expected 1 value)
clang: error: no input files
configure:1913: $? = 1
configure:1936: checking for C compiler default output file name
configure:1939: gcc    conftest.c  >&5
configure:1942: $? = 0
configure:1988: result: a.out
configure:1993: checking whether the C compiler works
configure:1999: ./a.out
configure:2002: $? = 0
configure:2019: result: yes
configure:2026: checking whether we are cross compiling
configure:2028: result: no
configure:2031: checking for suffix of executables
configure:2033: gcc -o conftest    conftest.c  >&5
configure:2036: $? = 0
configure:2061: result: 
configure:2067: checking for suffix of object files
configure:2088: gcc -c   conftest.c >&5
configure:2091: $? = 0
configure:2113: result: o
configure:2117: checking whether we are using the GNU C compiler
configure:2141: gcc -c   conftest.c >&5
configure:2147: $? = 0
configure:2151: test -z 
			 || test ! -s conftest.err
configure:2154: $? = 0
configure:2157: test -s conftest.o
configure:2160: $? = 0
configure:2173: result: yes
configure:2179: checking whether gcc accepts -g
configure:2200: gcc -c -g  conftest.c >&5
configure:2206: $? = 0
configure:2210: test -z 
			 || test ! -s conftest.err
configure:2213: $? = 0
configure:2216: test -s conftest.o
configure:2219: $? = 0
configure:2230: result: yes
configure:2247: checking for gcc option to accept ANSI C
configure:2317: gcc  -c -g -O2  conftest.c >&5
configure:2323: $? = 0
configure:2327: test -z 
			 || test ! -s conftest.err
configure:2330: $? = 0
configure:2333: test -s conftest.o
configure:2336: $? = 0
configure:2354: result: none needed
configure:2372: gcc -c -g -O2  conftest.c >&5
conftest.c:2:3: error: unknown type name 'choke'
  choke me
  ^
conftest.c:2:11: error: expected ';' after top level declarator
  choke me
          ^
          ;
2 errors generated.
configure:2378: $? = 1
configure: failed program was:
| #ifndef __cplusplus
|   choke me
| #endif
configure:2513: checking for strerror in -lcposix
configure:2543: gcc -o conftest -g -O2   conftest.c -lcposix   >&5
conftest.c:18:6: warning: incompatible redeclaration of library function 'strerror' [-Wincompatible-library-redeclaration]
char strerror ();
     ^
conftest.c:18:6: note: 'strerror' is a builtin with type 'char *(int)'
1 warning generated.
ld: library not found for -lcposix
clang: error: linker command failed with exit code 1 (use -v to see invocation)
configure:2549: $? = 1
configure: failed program was:
| /* confdefs.h.  */
| 
| #define PACKAGE_NAME ""
| #define PACKAGE_TARNAME ""
| #define PACKAGE_VERSION ""
| #define PACKAGE_STRING ""
| #define PACKAGE_BUGREPORT ""
| #define PACKAGE "xhydra"
| #define VERSION "0.1"
| /* end confdefs.h.  */
| 
| /* Override any gcc2 internal prototype to avoid an error.  */
| #ifdef __cplusplus
| extern "C"
| #endif
| /* We use char because int might match the return type of a gcc2
|    builtin and then its argument prototype would still apply.  */
| char strerror ();
| int
| main ()
| {
| strerror ();
|   ;
|   return 0;
| }
configure:2575: result: no
configure:2629: checking for gcc
configure:2655: result: gcc
configure:2899: checking for C compiler version
configure:2902: gcc --version </dev/null >&5
Configured with: --prefix=/Applications/Xcode.app/Contents/Developer/usr --with-gxx-include-dir=/Applications/Xcode.app/Contents/Developer/Platforms/MacOSX.platform/Developer/SDKs/MacOSX10.11.sdk/usr/include/c++/4.2.1
Apple LLVM version 7.0.2 (clang-700.1.81)
Target: x86_64-apple-darwin15.2.0
Thread model: posix
configure:2905: $? = 0
configure:2907: gcc -v </dev/null >&5
Configured with: --prefix=/Applications/Xcode.app/Contents/Developer/usr --with-gxx-include-dir=/Applications/Xcode.app/Contents/Developer/Platforms/MacOSX.platform/Developer/SDKs/MacOSX10.11.sdk/usr/include/c++/4.2.1
Apple LLVM version 7.0.2 (clang-700.1.81)
Target: x86_64-apple-darwin15.2.0
Thread model: posix
configure:2910: $? = 0
configure:2912: gcc -V </dev/null >&5
clang: error: argument to '-V' is missing (expected 1 value)
clang: error: no input files
configure:2915: $? = 1
configure:2918: checking whether we are using the GNU C compiler
configure:2974: result: yes
configure:2980: checking whether gcc accepts -g
configure:3031: result: yes
configure:3048: checking for gcc option to accept ANSI C
configure:3155: result: none needed
configure:3173: gcc -c -g -O2  conftest.c >&5
conftest.c:2:3: error: unknown type name 'choke'
  choke me
  ^
conftest.c:2:11: error: expected ';' after top level declarator
  choke me
          ^
          ;
2 errors generated.
configure:3179: $? = 1
configure: failed program was:
| #ifndef __cplusplus
|   choke me
| #endif
configure:3315: checking for gcc option to accept ANSI C
configure:3377: gcc  -c -g -O2  conftest.c >&5
configure:3383: $? = 0
configure:3387: test -z 
			 || test ! -s conftest.err
configure:3390: $? = 0
configure:3393: test -s conftest.o
configure:3396: $? = 0
configure:3411: result: none needed
configure:3427: checking how to run the C preprocessor
configure:3462: gcc -E  conftest.c
configure:3468: $? = 0
configure:3500: gcc -E  conftest.c
conftest.c:11:10: fatal error: 'ac_nonexistent.h' file not found
#include <ac_nonexistent.h>
         ^
1 error generated.
configure:3506: $? = 1
configure: failed program was:
| /* confdefs.h.  */
| 
| #define PACKAGE_NAME ""
| #define PACKAGE_TARNAME ""
| #define PACKAGE_VERSION ""
| #define PACKAGE_STRING ""
| #define PACKAGE_BUGREPORT ""
| #define PACKAGE "xhydra"
| #define VERSION "0.1"
| /* end confdefs.h.  */
| #include <ac_nonexistent.h>
configure:3545: result: gcc -E
configure:3569: gcc -E  conftest.c
configure:3575: $? = 0
configure:3607: gcc -E  conftest.c
conftest.c:11:10: fatal error: 'ac_nonexistent.h' file not found
#include <ac_nonexistent.h>
         ^
1 error generated.
configure:3613: $? = 1
configure: failed program was:
| /* confdefs.h.  */
| 
| #define PACKAGE_NAME ""
| #define PACKAGE_TARNAME ""
| #define PACKAGE_VERSION ""
| #define PACKAGE_STRING ""
| #define PACKAGE_BUGREPORT ""
| #define PACKAGE "xhydra"
| #define VERSION "0.1"
| /* end confdefs.h.  */
| #include <ac_nonexistent.h>
configure:3657: checking for egrep
configure:3667: result: grep -E
configure:3672: checking for ANSI C header files
configure:3697: gcc -c -g -O2  conftest.c >&5
configure:3703: $? = 0
configure:3707: test -z 
			 || test ! -s conftest.err
configure:3710: $? = 0
configure:3713: test -s conftest.o
configure:3716: $? = 0
configure:3805: gcc -o conftest -g -O2   conftest.c  >&5
conftest.c:28:7: warning: implicitly declaring library function 'exit' with type 'void (int) __attribute__((noreturn))'
      exit(2);
      ^
conftest.c:28:7: note: include the header <stdlib.h> or explicitly provide a declaration for 'exit'
1 warning generated.
configure:3808: $? = 0
configure:3810: ./conftest
configure:3813: $? = 0
configure:3828: result: yes
configure:3846: checking for pkg-config
configure:3877: result: no
configure:3933: error: Library requirements (gtk+-2.0 >= 2.0.0) not met; consider adjusting the PKG_CONFIG_PATH environment variable if your libraries are in a nonstandard prefix so pkg-config can find them.

## ---------------- ##
## Cache variables. ##
## ---------------- ##

ac_cv_c_compiler_gnu=yes
ac_cv_env_CC_set=
ac_cv_env_CC_value=
ac_cv_env_CFLAGS_set=
ac_cv_env_CFLAGS_value=
ac_cv_env_CPPFLAGS_set=
ac_cv_env_CPPFLAGS_value=
ac_cv_env_CPP_set=
ac_cv_env_CPP_value=
ac_cv_env_LDFLAGS_set=
ac_cv_env_LDFLAGS_value=
ac_cv_env_build_alias_set=
ac_cv_env_build_alias_value=
ac_cv_env_host_alias_set=
ac_cv_env_host_alias_value=
ac_cv_env_target_alias_set=
ac_cv_env_target_alias_value=
ac_cv_exeext=
ac_cv_header_stdc=yes
ac_cv_lib_cposix_strerror=no
ac_cv_objext=o
ac_cv_path_PKG_CONFIG=no
ac_cv_path_install='/usr/bin/install -c'
ac_cv_prog_CPP='gcc -E'
ac_cv_prog_ac_ct_CC=gcc
ac_cv_prog_cc_g=yes
ac_cv_prog_cc_stdc=
ac_cv_prog_egrep='grep -E'
ac_cv_prog_make_make_set=yes
am_cv_prog_cc_stdc=

## ----------------- ##
## Output variables. ##
## ----------------- ##

ACLOCAL='/Users/slote/Downloads/hydra-8.1/hydra-gtk/missing aclocal-1.4'
AUTOCONF='/Users/slote/Downloads/hydra-8.1/hydra-gtk/missing autoconf'
AUTOHEADER='/Users/slote/Downloads/hydra-8.1/hydra-gtk/missing autoheader'
AUTOMAKE='/Users/slote/Downloads/hydra-8.1/hydra-gtk/missing automake-1.4'
CC='gcc'
CFLAGS='-g -O2'
CPP='gcc -E'
CPPFLAGS=''
DEFS=''
ECHO_C='ECHO_N=''
ECHO_T=''
EGREP='grep -E'
EXEEXT=''
INSTALL_DATA='${INSTALL} -m 644'
INSTALL_PROGRAM='${INSTALL}'
INSTALL_SCRIPT='${INSTALL}'
LDFLAGS=''
LIBOBJS=''
LIBS=''
LTLIBOBJS=''
MAINT='#'
MAINTAINER_MODE_FALSE=''
MAINTAINER_MODE_TRUE='#'
MAKEINFO='makeinfo'
OBJEXT='o'
PACKAGE='xhydra'
PACKAGE_BUGREPORT=''
PACKAGE_CFLAGS=''
PACKAGE_LIBS=''
PACKAGE_NAME=''
PACKAGE_STRING=''
PACKAGE_TARNAME=''
PACKAGE_VERSION=''
PATH_SEPARATOR=':'
PKG_CONFIG='no'
SET_MAKE=''
SHELL='/bin/sh'
VERSION='0.1'
ac_ct_CC='gcc'
bindir='${exec_prefix}/bin'
build_alias=''
datadir='${prefix}/share'
exec_prefix='NONE'
host_alias=''
includedir='${prefix}/include'
infodir='${prefix}/info'
libdir='${exec_prefix}/lib'
libexecdir='${exec_prefix}/libexec'
localstatedir='${prefix}/var'
mandir='${prefix}/man'
oldincludedir='/usr/include'
prefix='NONE'
program_transform_name='s,x,x,'
sbindir='${exec_prefix}/sbin'
sharedstatedir='${prefix}/com'
sysconfdir='${prefix}/etc'
target_alias=''

## ----------- ##
## confdefs.h. ##
## ----------- ##

#define PACKAGE "xhydra"
#define PACKAGE_BUGREPORT ""
#define PACKAGE_NAME ""
#define PACKAGE_STRING ""
#define PACKAGE_TARNAME ""
#define PACKAGE_VERSION ""
#define STDC_HEADERS 1
#define VERSION "0.1"

configure: exit 1
